[2022-08-05 05:56:33,904] {taskinstance.py:1179} INFO - Dependencies all met for <TaskInstance: my_python_dag.python_task_first manual__2022-08-05T05:56:32.968843+00:00 [queued]>
[2022-08-05 05:56:33,912] {taskinstance.py:1179} INFO - Dependencies all met for <TaskInstance: my_python_dag.python_task_first manual__2022-08-05T05:56:32.968843+00:00 [queued]>
[2022-08-05 05:56:33,913] {taskinstance.py:1376} INFO - 
--------------------------------------------------------------------------------
[2022-08-05 05:56:33,913] {taskinstance.py:1377} INFO - Starting attempt 1 of 3
[2022-08-05 05:56:33,913] {taskinstance.py:1378} INFO - 
--------------------------------------------------------------------------------
[2022-08-05 05:56:33,926] {taskinstance.py:1397} INFO - Executing <Task(PythonOperator): python_task_first> on 2022-08-05 05:56:32.968843+00:00
[2022-08-05 05:56:33,929] {standard_task_runner.py:52} INFO - Started process 1271 to run task
[2022-08-05 05:56:33,932] {standard_task_runner.py:79} INFO - Running: ['***', 'tasks', 'run', 'my_python_dag', 'python_task_first', 'manual__2022-08-05T05:56:32.968843+00:00', '--job-id', '46', '--raw', '--subdir', 'DAGS_FOLDER/python_dag .py', '--cfg-path', '/tmp/tmpqxj5j_fb', '--error-file', '/tmp/tmptoadzd2_']
[2022-08-05 05:56:33,934] {standard_task_runner.py:80} INFO - Job 46: Subtask python_task_first
[2022-08-05 05:56:33,985] {task_command.py:371} INFO - Running <TaskInstance: my_python_dag.python_task_first manual__2022-08-05T05:56:32.968843+00:00 [running]> on host 31de0ba96b93
[2022-08-05 05:56:34,042] {taskinstance.py:1591} INFO - Exporting the following env vars:
AIRFLOW_CTX_DAG_OWNER=***
AIRFLOW_CTX_DAG_ID=my_python_dag
AIRFLOW_CTX_TASK_ID=python_task_first
AIRFLOW_CTX_EXECUTION_DATE=2022-08-05T05:56:32.968843+00:00
AIRFLOW_CTX_TRY_NUMBER=1
AIRFLOW_CTX_DAG_RUN_ID=manual__2022-08-05T05:56:32.968843+00:00
[2022-08-05 05:56:34,043] {logging_mixin.py:115} INFO - Hello World
[2022-08-05 05:56:34,043] {python.py:173} INFO - Done. Returned value was: Hello World
[2022-08-05 05:56:34,147] {taskinstance.py:1420} INFO - Marking task as SUCCESS. dag_id=my_python_dag, task_id=python_task_first, execution_date=20220805T055632, start_date=20220805T055633, end_date=20220805T055634
[2022-08-05 05:56:34,185] {local_task_job.py:156} INFO - Task exited with return code 0
[2022-08-05 05:56:34,213] {local_task_job.py:273} INFO - 1 downstream tasks scheduled from follow-on schedule check
