[2022-08-05 05:51:41,612] {processor.py:153} INFO - Started process (PID=896) to work on /opt/airflow/dags/python_dag .py
[2022-08-05 05:51:41,613] {processor.py:641} INFO - Processing file /opt/airflow/dags/python_dag .py for tasks to queue
[2022-08-05 05:51:41,613] {logging_mixin.py:115} INFO - [2022-08-05 05:51:41,613] {dagbag.py:508} INFO - Filling up the DagBag from /opt/airflow/dags/python_dag .py
[2022-08-05 05:51:41,640] {processor.py:651} INFO - DAG(s) dict_keys(['my_python_dag']) retrieved from /opt/airflow/dags/python_dag .py
[2022-08-05 05:51:41,719] {logging_mixin.py:115} INFO - [2022-08-05 05:51:41,719] {manager.py:508} INFO - Created Permission View: can delete on DAG:my_python_dag
[2022-08-05 05:51:41,727] {logging_mixin.py:115} INFO - [2022-08-05 05:51:41,727] {manager.py:508} INFO - Created Permission View: can read on DAG:my_python_dag
[2022-08-05 05:51:41,733] {logging_mixin.py:115} INFO - [2022-08-05 05:51:41,733] {manager.py:508} INFO - Created Permission View: can edit on DAG:my_python_dag
[2022-08-05 05:51:41,733] {logging_mixin.py:115} INFO - [2022-08-05 05:51:41,733] {dag.py:2420} INFO - Sync 1 DAGs
[2022-08-05 05:51:41,740] {logging_mixin.py:115} INFO - [2022-08-05 05:51:41,740] {dag.py:2439} INFO - Creating ORM DAG for my_python_dag
[2022-08-05 05:51:41,750] {logging_mixin.py:115} INFO - [2022-08-05 05:51:41,749] {dag.py:2972} INFO - Setting next_dagrun for my_python_dag to 2022-08-04T00:00:00+00:00, run_after=2022-08-05T00:00:00+00:00
[2022-08-05 05:51:41,764] {processor.py:161} INFO - Processing /opt/airflow/dags/python_dag .py took 0.155 seconds
[2022-08-05 05:52:11,815] {processor.py:153} INFO - Started process (PID=938) to work on /opt/airflow/dags/python_dag .py
[2022-08-05 05:52:11,816] {processor.py:641} INFO - Processing file /opt/airflow/dags/python_dag .py for tasks to queue
[2022-08-05 05:52:11,817] {logging_mixin.py:115} INFO - [2022-08-05 05:52:11,817] {dagbag.py:508} INFO - Filling up the DagBag from /opt/airflow/dags/python_dag .py
[2022-08-05 05:52:11,835] {processor.py:651} INFO - DAG(s) dict_keys(['my_python_dag']) retrieved from /opt/airflow/dags/python_dag .py
[2022-08-05 05:52:11,859] {logging_mixin.py:115} INFO - [2022-08-05 05:52:11,859] {dag.py:2420} INFO - Sync 1 DAGs
[2022-08-05 05:52:11,885] {logging_mixin.py:115} INFO - [2022-08-05 05:52:11,885] {dag.py:2972} INFO - Setting next_dagrun for my_python_dag to 2022-08-05T00:00:00+00:00, run_after=2022-08-06T00:00:00+00:00
[2022-08-05 05:52:11,898] {processor.py:161} INFO - Processing /opt/airflow/dags/python_dag .py took 0.087 seconds
[2022-08-05 05:52:42,124] {processor.py:153} INFO - Started process (PID=966) to work on /opt/airflow/dags/python_dag .py
[2022-08-05 05:52:42,125] {processor.py:641} INFO - Processing file /opt/airflow/dags/python_dag .py for tasks to queue
[2022-08-05 05:52:42,126] {logging_mixin.py:115} INFO - [2022-08-05 05:52:42,126] {dagbag.py:508} INFO - Filling up the DagBag from /opt/airflow/dags/python_dag .py
[2022-08-05 05:52:42,143] {processor.py:651} INFO - DAG(s) dict_keys(['my_python_dag']) retrieved from /opt/airflow/dags/python_dag .py
[2022-08-05 05:52:42,165] {logging_mixin.py:115} INFO - [2022-08-05 05:52:42,165] {dag.py:2420} INFO - Sync 1 DAGs
[2022-08-05 05:52:42,189] {logging_mixin.py:115} INFO - [2022-08-05 05:52:42,189] {dag.py:2972} INFO - Setting next_dagrun for my_python_dag to 2022-08-05T00:00:00+00:00, run_after=2022-08-06T00:00:00+00:00
[2022-08-05 05:52:42,199] {processor.py:161} INFO - Processing /opt/airflow/dags/python_dag .py took 0.078 seconds
[2022-08-05 05:53:12,396] {processor.py:153} INFO - Started process (PID=1004) to work on /opt/airflow/dags/python_dag .py
[2022-08-05 05:53:12,397] {processor.py:641} INFO - Processing file /opt/airflow/dags/python_dag .py for tasks to queue
[2022-08-05 05:53:12,397] {logging_mixin.py:115} INFO - [2022-08-05 05:53:12,397] {dagbag.py:508} INFO - Filling up the DagBag from /opt/airflow/dags/python_dag .py
[2022-08-05 05:53:12,412] {processor.py:651} INFO - DAG(s) dict_keys(['my_python_dag']) retrieved from /opt/airflow/dags/python_dag .py
[2022-08-05 05:53:12,430] {logging_mixin.py:115} INFO - [2022-08-05 05:53:12,430] {dag.py:2420} INFO - Sync 1 DAGs
[2022-08-05 05:53:12,449] {logging_mixin.py:115} INFO - [2022-08-05 05:53:12,449] {dag.py:2972} INFO - Setting next_dagrun for my_python_dag to 2022-08-05T00:00:00+00:00, run_after=2022-08-06T00:00:00+00:00
[2022-08-05 05:53:12,459] {processor.py:161} INFO - Processing /opt/airflow/dags/python_dag .py took 0.066 seconds
[2022-08-05 05:53:42,624] {processor.py:153} INFO - Started process (PID=1042) to work on /opt/airflow/dags/python_dag .py
[2022-08-05 05:53:42,624] {processor.py:641} INFO - Processing file /opt/airflow/dags/python_dag .py for tasks to queue
[2022-08-05 05:53:42,625] {logging_mixin.py:115} INFO - [2022-08-05 05:53:42,625] {dagbag.py:508} INFO - Filling up the DagBag from /opt/airflow/dags/python_dag .py
[2022-08-05 05:53:42,641] {processor.py:651} INFO - DAG(s) dict_keys(['my_python_dag']) retrieved from /opt/airflow/dags/python_dag .py
[2022-08-05 05:53:42,662] {logging_mixin.py:115} INFO - [2022-08-05 05:53:42,662] {dag.py:2420} INFO - Sync 1 DAGs
[2022-08-05 05:53:42,684] {logging_mixin.py:115} INFO - [2022-08-05 05:53:42,684] {dag.py:2972} INFO - Setting next_dagrun for my_python_dag to 2022-08-05T00:00:00+00:00, run_after=2022-08-06T00:00:00+00:00
[2022-08-05 05:53:42,698] {processor.py:161} INFO - Processing /opt/airflow/dags/python_dag .py took 0.077 seconds
[2022-08-05 05:54:12,888] {processor.py:153} INFO - Started process (PID=1071) to work on /opt/airflow/dags/python_dag .py
[2022-08-05 05:54:12,889] {processor.py:641} INFO - Processing file /opt/airflow/dags/python_dag .py for tasks to queue
[2022-08-05 05:54:12,889] {logging_mixin.py:115} INFO - [2022-08-05 05:54:12,889] {dagbag.py:508} INFO - Filling up the DagBag from /opt/airflow/dags/python_dag .py
[2022-08-05 05:54:12,905] {processor.py:651} INFO - DAG(s) dict_keys(['my_python_dag']) retrieved from /opt/airflow/dags/python_dag .py
[2022-08-05 05:54:12,926] {logging_mixin.py:115} INFO - [2022-08-05 05:54:12,926] {dag.py:2420} INFO - Sync 1 DAGs
[2022-08-05 05:54:12,948] {logging_mixin.py:115} INFO - [2022-08-05 05:54:12,948] {dag.py:2972} INFO - Setting next_dagrun for my_python_dag to 2022-08-05T00:00:00+00:00, run_after=2022-08-06T00:00:00+00:00
[2022-08-05 05:54:12,969] {processor.py:161} INFO - Processing /opt/airflow/dags/python_dag .py took 0.083 seconds
[2022-08-05 05:54:13,931] {processor.py:153} INFO - Started process (PID=1076) to work on /opt/airflow/dags/python_dag .py
[2022-08-05 05:54:13,932] {processor.py:641} INFO - Processing file /opt/airflow/dags/python_dag .py for tasks to queue
[2022-08-05 05:54:13,932] {logging_mixin.py:115} INFO - [2022-08-05 05:54:13,932] {dagbag.py:508} INFO - Filling up the DagBag from /opt/airflow/dags/python_dag .py
[2022-08-05 05:54:13,956] {processor.py:651} INFO - DAG(s) dict_keys(['my_python_dag']) retrieved from /opt/airflow/dags/python_dag .py
[2022-08-05 05:54:13,975] {logging_mixin.py:115} INFO - [2022-08-05 05:54:13,974] {dag.py:2420} INFO - Sync 1 DAGs
[2022-08-05 05:54:13,995] {logging_mixin.py:115} INFO - [2022-08-05 05:54:13,995] {dag.py:2972} INFO - Setting next_dagrun for my_python_dag to 2022-08-05T00:00:00+00:00, run_after=2022-08-06T00:00:00+00:00
[2022-08-05 05:54:14,010] {processor.py:161} INFO - Processing /opt/airflow/dags/python_dag .py took 0.082 seconds
[2022-08-05 05:54:24,150] {processor.py:153} INFO - Started process (PID=1096) to work on /opt/airflow/dags/python_dag .py
[2022-08-05 05:54:24,150] {processor.py:641} INFO - Processing file /opt/airflow/dags/python_dag .py for tasks to queue
[2022-08-05 05:54:24,151] {logging_mixin.py:115} INFO - [2022-08-05 05:54:24,151] {dagbag.py:508} INFO - Filling up the DagBag from /opt/airflow/dags/python_dag .py
[2022-08-05 05:54:24,175] {processor.py:651} INFO - DAG(s) dict_keys(['my_python_dag']) retrieved from /opt/airflow/dags/python_dag .py
[2022-08-05 05:54:24,193] {logging_mixin.py:115} INFO - [2022-08-05 05:54:24,193] {dag.py:2420} INFO - Sync 1 DAGs
[2022-08-05 05:54:24,213] {logging_mixin.py:115} INFO - [2022-08-05 05:54:24,213] {dag.py:2972} INFO - Setting next_dagrun for my_python_dag to 2022-08-05T00:00:00+00:00, run_after=2022-08-06T00:00:00+00:00
[2022-08-05 05:54:24,228] {processor.py:161} INFO - Processing /opt/airflow/dags/python_dag .py took 0.082 seconds
[2022-08-05 05:54:54,420] {processor.py:153} INFO - Started process (PID=1134) to work on /opt/airflow/dags/python_dag .py
[2022-08-05 05:54:54,421] {processor.py:641} INFO - Processing file /opt/airflow/dags/python_dag .py for tasks to queue
[2022-08-05 05:54:54,421] {logging_mixin.py:115} INFO - [2022-08-05 05:54:54,421] {dagbag.py:508} INFO - Filling up the DagBag from /opt/airflow/dags/python_dag .py
[2022-08-05 05:54:54,437] {processor.py:651} INFO - DAG(s) dict_keys(['my_python_dag']) retrieved from /opt/airflow/dags/python_dag .py
[2022-08-05 05:54:54,457] {logging_mixin.py:115} INFO - [2022-08-05 05:54:54,457] {dag.py:2420} INFO - Sync 1 DAGs
[2022-08-05 05:54:54,479] {logging_mixin.py:115} INFO - [2022-08-05 05:54:54,479] {dag.py:2972} INFO - Setting next_dagrun for my_python_dag to 2022-08-05T00:00:00+00:00, run_after=2022-08-06T00:00:00+00:00
[2022-08-05 05:54:54,501] {processor.py:161} INFO - Processing /opt/airflow/dags/python_dag .py took 0.084 seconds
[2022-08-05 05:54:57,441] {processor.py:153} INFO - Started process (PID=1139) to work on /opt/airflow/dags/python_dag .py
[2022-08-05 05:54:57,442] {processor.py:641} INFO - Processing file /opt/airflow/dags/python_dag .py for tasks to queue
[2022-08-05 05:54:57,443] {logging_mixin.py:115} INFO - [2022-08-05 05:54:57,443] {dagbag.py:508} INFO - Filling up the DagBag from /opt/airflow/dags/python_dag .py
[2022-08-05 05:54:57,470] {processor.py:651} INFO - DAG(s) dict_keys(['my_python_dag']) retrieved from /opt/airflow/dags/python_dag .py
[2022-08-05 05:54:57,526] {logging_mixin.py:115} INFO - [2022-08-05 05:54:57,526] {dag.py:2420} INFO - Sync 1 DAGs
[2022-08-05 05:54:57,543] {logging_mixin.py:115} INFO - [2022-08-05 05:54:57,543] {dag.py:2972} INFO - Setting next_dagrun for my_python_dag to 2022-08-05T00:00:00+00:00, run_after=2022-08-06T00:00:00+00:00
[2022-08-05 05:54:57,557] {processor.py:161} INFO - Processing /opt/airflow/dags/python_dag .py took 0.119 seconds
[2022-08-05 05:55:27,715] {processor.py:153} INFO - Started process (PID=1177) to work on /opt/airflow/dags/python_dag .py
[2022-08-05 05:55:27,716] {processor.py:641} INFO - Processing file /opt/airflow/dags/python_dag .py for tasks to queue
[2022-08-05 05:55:27,717] {logging_mixin.py:115} INFO - [2022-08-05 05:55:27,717] {dagbag.py:508} INFO - Filling up the DagBag from /opt/airflow/dags/python_dag .py
[2022-08-05 05:55:27,733] {processor.py:651} INFO - DAG(s) dict_keys(['my_python_dag']) retrieved from /opt/airflow/dags/python_dag .py
[2022-08-05 05:55:27,753] {logging_mixin.py:115} INFO - [2022-08-05 05:55:27,753] {dag.py:2420} INFO - Sync 1 DAGs
[2022-08-05 05:55:27,775] {logging_mixin.py:115} INFO - [2022-08-05 05:55:27,775] {dag.py:2972} INFO - Setting next_dagrun for my_python_dag to 2022-08-05T00:00:00+00:00, run_after=2022-08-06T00:00:00+00:00
[2022-08-05 05:55:27,785] {processor.py:161} INFO - Processing /opt/airflow/dags/python_dag .py took 0.074 seconds
[2022-08-05 05:55:29,805] {processor.py:153} INFO - Started process (PID=1182) to work on /opt/airflow/dags/python_dag .py
[2022-08-05 05:55:29,806] {processor.py:641} INFO - Processing file /opt/airflow/dags/python_dag .py for tasks to queue
[2022-08-05 05:55:29,806] {logging_mixin.py:115} INFO - [2022-08-05 05:55:29,806] {dagbag.py:508} INFO - Filling up the DagBag from /opt/airflow/dags/python_dag .py
[2022-08-05 05:55:29,831] {processor.py:651} INFO - DAG(s) dict_keys(['my_python_dag']) retrieved from /opt/airflow/dags/python_dag .py
[2022-08-05 05:55:29,887] {logging_mixin.py:115} INFO - [2022-08-05 05:55:29,887] {dag.py:2420} INFO - Sync 1 DAGs
[2022-08-05 05:55:29,905] {logging_mixin.py:115} INFO - [2022-08-05 05:55:29,905] {dag.py:2972} INFO - Setting next_dagrun for my_python_dag to 2022-08-05T00:00:00+00:00, run_after=2022-08-06T00:00:00+00:00
[2022-08-05 05:55:29,920] {processor.py:161} INFO - Processing /opt/airflow/dags/python_dag .py took 0.117 seconds
[2022-08-05 05:55:35,848] {processor.py:153} INFO - Started process (PID=1197) to work on /opt/airflow/dags/python_dag .py
[2022-08-05 05:55:35,849] {processor.py:641} INFO - Processing file /opt/airflow/dags/python_dag .py for tasks to queue
[2022-08-05 05:55:35,849] {logging_mixin.py:115} INFO - [2022-08-05 05:55:35,849] {dagbag.py:508} INFO - Filling up the DagBag from /opt/airflow/dags/python_dag .py
[2022-08-05 05:55:35,872] {processor.py:651} INFO - DAG(s) dict_keys(['my_python_dag']) retrieved from /opt/airflow/dags/python_dag .py
[2022-08-05 05:55:35,882] {logging_mixin.py:115} INFO - [2022-08-05 05:55:35,882] {dag.py:2420} INFO - Sync 1 DAGs
[2022-08-05 05:55:35,901] {logging_mixin.py:115} INFO - [2022-08-05 05:55:35,901] {dag.py:2972} INFO - Setting next_dagrun for my_python_dag to 2022-08-05T00:00:00+00:00, run_after=2022-08-06T00:00:00+00:00
[2022-08-05 05:55:35,917] {processor.py:161} INFO - Processing /opt/airflow/dags/python_dag .py took 0.072 seconds
[2022-08-05 05:56:06,067] {processor.py:153} INFO - Started process (PID=1230) to work on /opt/airflow/dags/python_dag .py
[2022-08-05 05:56:06,068] {processor.py:641} INFO - Processing file /opt/airflow/dags/python_dag .py for tasks to queue
[2022-08-05 05:56:06,068] {logging_mixin.py:115} INFO - [2022-08-05 05:56:06,068] {dagbag.py:508} INFO - Filling up the DagBag from /opt/airflow/dags/python_dag .py
[2022-08-05 05:56:06,083] {processor.py:651} INFO - DAG(s) dict_keys(['my_python_dag']) retrieved from /opt/airflow/dags/python_dag .py
[2022-08-05 05:56:06,137] {logging_mixin.py:115} INFO - [2022-08-05 05:56:06,136] {dag.py:2420} INFO - Sync 1 DAGs
[2022-08-05 05:56:06,152] {logging_mixin.py:115} INFO - [2022-08-05 05:56:06,152] {dag.py:2972} INFO - Setting next_dagrun for my_python_dag to 2022-08-05T00:00:00+00:00, run_after=2022-08-06T00:00:00+00:00
[2022-08-05 05:56:06,174] {processor.py:161} INFO - Processing /opt/airflow/dags/python_dag .py took 0.110 seconds
[2022-08-05 05:56:36,344] {processor.py:153} INFO - Started process (PID=1274) to work on /opt/airflow/dags/python_dag .py
[2022-08-05 05:56:36,345] {processor.py:641} INFO - Processing file /opt/airflow/dags/python_dag .py for tasks to queue
[2022-08-05 05:56:36,346] {logging_mixin.py:115} INFO - [2022-08-05 05:56:36,346] {dagbag.py:508} INFO - Filling up the DagBag from /opt/airflow/dags/python_dag .py
[2022-08-05 05:56:36,362] {processor.py:651} INFO - DAG(s) dict_keys(['my_python_dag']) retrieved from /opt/airflow/dags/python_dag .py
[2022-08-05 05:56:36,384] {logging_mixin.py:115} INFO - [2022-08-05 05:56:36,384] {dag.py:2420} INFO - Sync 1 DAGs
[2022-08-05 05:56:36,404] {logging_mixin.py:115} INFO - [2022-08-05 05:56:36,404] {dag.py:2972} INFO - Setting next_dagrun for my_python_dag to 2022-08-05T00:00:00+00:00, run_after=2022-08-06T00:00:00+00:00
[2022-08-05 05:56:36,415] {processor.py:161} INFO - Processing /opt/airflow/dags/python_dag .py took 0.075 seconds
[2022-08-05 05:57:06,605] {processor.py:153} INFO - Started process (PID=1313) to work on /opt/airflow/dags/python_dag .py
[2022-08-05 05:57:06,606] {processor.py:641} INFO - Processing file /opt/airflow/dags/python_dag .py for tasks to queue
[2022-08-05 05:57:06,607] {logging_mixin.py:115} INFO - [2022-08-05 05:57:06,607] {dagbag.py:508} INFO - Filling up the DagBag from /opt/airflow/dags/python_dag .py
[2022-08-05 05:57:06,628] {processor.py:651} INFO - DAG(s) dict_keys(['my_python_dag']) retrieved from /opt/airflow/dags/python_dag .py
[2022-08-05 05:57:06,653] {logging_mixin.py:115} INFO - [2022-08-05 05:57:06,653] {dag.py:2420} INFO - Sync 1 DAGs
[2022-08-05 05:57:06,679] {logging_mixin.py:115} INFO - [2022-08-05 05:57:06,679] {dag.py:2972} INFO - Setting next_dagrun for my_python_dag to 2022-08-05T00:00:00+00:00, run_after=2022-08-06T00:00:00+00:00
[2022-08-05 05:57:06,702] {processor.py:161} INFO - Processing /opt/airflow/dags/python_dag .py took 0.099 seconds
[2022-08-05 05:57:36,905] {processor.py:153} INFO - Started process (PID=1343) to work on /opt/airflow/dags/python_dag .py
[2022-08-05 05:57:36,905] {processor.py:641} INFO - Processing file /opt/airflow/dags/python_dag .py for tasks to queue
[2022-08-05 05:57:36,906] {logging_mixin.py:115} INFO - [2022-08-05 05:57:36,905] {dagbag.py:508} INFO - Filling up the DagBag from /opt/airflow/dags/python_dag .py
[2022-08-05 05:57:36,922] {processor.py:651} INFO - DAG(s) dict_keys(['my_python_dag']) retrieved from /opt/airflow/dags/python_dag .py
[2022-08-05 05:57:36,943] {logging_mixin.py:115} INFO - [2022-08-05 05:57:36,943] {dag.py:2420} INFO - Sync 1 DAGs
[2022-08-05 05:57:36,964] {logging_mixin.py:115} INFO - [2022-08-05 05:57:36,964] {dag.py:2972} INFO - Setting next_dagrun for my_python_dag to 2022-08-05T00:00:00+00:00, run_after=2022-08-06T00:00:00+00:00
[2022-08-05 05:57:36,986] {processor.py:161} INFO - Processing /opt/airflow/dags/python_dag .py took 0.084 seconds
[2022-08-05 05:58:07,222] {processor.py:153} INFO - Started process (PID=1382) to work on /opt/airflow/dags/python_dag .py
[2022-08-05 05:58:07,222] {processor.py:641} INFO - Processing file /opt/airflow/dags/python_dag .py for tasks to queue
[2022-08-05 05:58:07,223] {logging_mixin.py:115} INFO - [2022-08-05 05:58:07,223] {dagbag.py:508} INFO - Filling up the DagBag from /opt/airflow/dags/python_dag .py
[2022-08-05 05:58:07,239] {processor.py:651} INFO - DAG(s) dict_keys(['my_python_dag']) retrieved from /opt/airflow/dags/python_dag .py
[2022-08-05 05:58:07,259] {logging_mixin.py:115} INFO - [2022-08-05 05:58:07,259] {dag.py:2420} INFO - Sync 1 DAGs
[2022-08-05 05:58:07,280] {logging_mixin.py:115} INFO - [2022-08-05 05:58:07,280] {dag.py:2972} INFO - Setting next_dagrun for my_python_dag to 2022-08-05T00:00:00+00:00, run_after=2022-08-06T00:00:00+00:00
[2022-08-05 05:58:07,302] {processor.py:161} INFO - Processing /opt/airflow/dags/python_dag .py took 0.083 seconds
[2022-08-05 05:58:37,509] {processor.py:153} INFO - Started process (PID=1421) to work on /opt/airflow/dags/python_dag .py
[2022-08-05 05:58:37,510] {processor.py:641} INFO - Processing file /opt/airflow/dags/python_dag .py for tasks to queue
[2022-08-05 05:58:37,510] {logging_mixin.py:115} INFO - [2022-08-05 05:58:37,510] {dagbag.py:508} INFO - Filling up the DagBag from /opt/airflow/dags/python_dag .py
[2022-08-05 05:58:37,529] {processor.py:651} INFO - DAG(s) dict_keys(['my_python_dag']) retrieved from /opt/airflow/dags/python_dag .py
[2022-08-05 05:58:37,548] {logging_mixin.py:115} INFO - [2022-08-05 05:58:37,548] {dag.py:2420} INFO - Sync 1 DAGs
[2022-08-05 05:58:37,569] {logging_mixin.py:115} INFO - [2022-08-05 05:58:37,569] {dag.py:2972} INFO - Setting next_dagrun for my_python_dag to 2022-08-05T00:00:00+00:00, run_after=2022-08-06T00:00:00+00:00
[2022-08-05 05:58:37,590] {processor.py:161} INFO - Processing /opt/airflow/dags/python_dag .py took 0.083 seconds
[2022-08-05 05:59:07,674] {processor.py:153} INFO - Started process (PID=1460) to work on /opt/airflow/dags/python_dag .py
[2022-08-05 05:59:07,675] {processor.py:641} INFO - Processing file /opt/airflow/dags/python_dag .py for tasks to queue
[2022-08-05 05:59:07,675] {logging_mixin.py:115} INFO - [2022-08-05 05:59:07,675] {dagbag.py:508} INFO - Filling up the DagBag from /opt/airflow/dags/python_dag .py
[2022-08-05 05:59:07,695] {processor.py:651} INFO - DAG(s) dict_keys(['my_python_dag']) retrieved from /opt/airflow/dags/python_dag .py
[2022-08-05 05:59:07,717] {logging_mixin.py:115} INFO - [2022-08-05 05:59:07,717] {dag.py:2420} INFO - Sync 1 DAGs
[2022-08-05 05:59:07,741] {logging_mixin.py:115} INFO - [2022-08-05 05:59:07,741] {dag.py:2972} INFO - Setting next_dagrun for my_python_dag to 2022-08-05T00:00:00+00:00, run_after=2022-08-06T00:00:00+00:00
[2022-08-05 05:59:07,761] {processor.py:161} INFO - Processing /opt/airflow/dags/python_dag .py took 0.091 seconds
[2022-08-05 05:59:37,956] {processor.py:153} INFO - Started process (PID=1488) to work on /opt/airflow/dags/python_dag .py
[2022-08-05 05:59:37,957] {processor.py:641} INFO - Processing file /opt/airflow/dags/python_dag .py for tasks to queue
[2022-08-05 05:59:37,957] {logging_mixin.py:115} INFO - [2022-08-05 05:59:37,957] {dagbag.py:508} INFO - Filling up the DagBag from /opt/airflow/dags/python_dag .py
[2022-08-05 05:59:37,972] {processor.py:651} INFO - DAG(s) dict_keys(['my_python_dag']) retrieved from /opt/airflow/dags/python_dag .py
[2022-08-05 05:59:37,991] {logging_mixin.py:115} INFO - [2022-08-05 05:59:37,991] {dag.py:2420} INFO - Sync 1 DAGs
[2022-08-05 05:59:38,010] {logging_mixin.py:115} INFO - [2022-08-05 05:59:38,010] {dag.py:2972} INFO - Setting next_dagrun for my_python_dag to 2022-08-05T00:00:00+00:00, run_after=2022-08-06T00:00:00+00:00
[2022-08-05 05:59:38,030] {processor.py:161} INFO - Processing /opt/airflow/dags/python_dag .py took 0.076 seconds
[2022-08-05 06:00:08,205] {processor.py:153} INFO - Started process (PID=1526) to work on /opt/airflow/dags/python_dag .py
[2022-08-05 06:00:08,206] {processor.py:641} INFO - Processing file /opt/airflow/dags/python_dag .py for tasks to queue
[2022-08-05 06:00:08,206] {logging_mixin.py:115} INFO - [2022-08-05 06:00:08,206] {dagbag.py:508} INFO - Filling up the DagBag from /opt/airflow/dags/python_dag .py
[2022-08-05 06:00:08,225] {processor.py:651} INFO - DAG(s) dict_keys(['my_python_dag']) retrieved from /opt/airflow/dags/python_dag .py
[2022-08-05 06:00:08,246] {logging_mixin.py:115} INFO - [2022-08-05 06:00:08,246] {dag.py:2420} INFO - Sync 1 DAGs
[2022-08-05 06:00:08,269] {logging_mixin.py:115} INFO - [2022-08-05 06:00:08,269] {dag.py:2972} INFO - Setting next_dagrun for my_python_dag to 2022-08-05T00:00:00+00:00, run_after=2022-08-06T00:00:00+00:00
[2022-08-05 06:00:08,292] {processor.py:161} INFO - Processing /opt/airflow/dags/python_dag .py took 0.090 seconds
[2022-08-05 06:00:38,525] {processor.py:153} INFO - Started process (PID=1564) to work on /opt/airflow/dags/python_dag .py
[2022-08-05 06:00:38,526] {processor.py:641} INFO - Processing file /opt/airflow/dags/python_dag .py for tasks to queue
[2022-08-05 06:00:38,528] {logging_mixin.py:115} INFO - [2022-08-05 06:00:38,528] {dagbag.py:508} INFO - Filling up the DagBag from /opt/airflow/dags/python_dag .py
[2022-08-05 06:00:38,550] {processor.py:651} INFO - DAG(s) dict_keys(['my_python_dag']) retrieved from /opt/airflow/dags/python_dag .py
[2022-08-05 06:00:38,577] {logging_mixin.py:115} INFO - [2022-08-05 06:00:38,577] {dag.py:2420} INFO - Sync 1 DAGs
[2022-08-05 06:00:38,602] {logging_mixin.py:115} INFO - [2022-08-05 06:00:38,602] {dag.py:2972} INFO - Setting next_dagrun for my_python_dag to 2022-08-05T00:00:00+00:00, run_after=2022-08-06T00:00:00+00:00
[2022-08-05 06:00:38,614] {processor.py:161} INFO - Processing /opt/airflow/dags/python_dag .py took 0.093 seconds
[2022-08-05 06:01:08,829] {processor.py:153} INFO - Started process (PID=1593) to work on /opt/airflow/dags/python_dag .py
[2022-08-05 06:01:08,829] {processor.py:641} INFO - Processing file /opt/airflow/dags/python_dag .py for tasks to queue
[2022-08-05 06:01:08,830] {logging_mixin.py:115} INFO - [2022-08-05 06:01:08,830] {dagbag.py:508} INFO - Filling up the DagBag from /opt/airflow/dags/python_dag .py
[2022-08-05 06:01:08,847] {processor.py:651} INFO - DAG(s) dict_keys(['my_python_dag']) retrieved from /opt/airflow/dags/python_dag .py
[2022-08-05 06:01:08,867] {logging_mixin.py:115} INFO - [2022-08-05 06:01:08,867] {dag.py:2420} INFO - Sync 1 DAGs
[2022-08-05 06:01:08,893] {logging_mixin.py:115} INFO - [2022-08-05 06:01:08,892] {dag.py:2972} INFO - Setting next_dagrun for my_python_dag to 2022-08-05T00:00:00+00:00, run_after=2022-08-06T00:00:00+00:00
[2022-08-05 06:01:08,903] {processor.py:161} INFO - Processing /opt/airflow/dags/python_dag .py took 0.077 seconds
[2022-08-05 06:01:39,097] {processor.py:153} INFO - Started process (PID=1632) to work on /opt/airflow/dags/python_dag .py
[2022-08-05 06:01:39,098] {processor.py:641} INFO - Processing file /opt/airflow/dags/python_dag .py for tasks to queue
[2022-08-05 06:01:39,098] {logging_mixin.py:115} INFO - [2022-08-05 06:01:39,098] {dagbag.py:508} INFO - Filling up the DagBag from /opt/airflow/dags/python_dag .py
[2022-08-05 06:01:39,114] {processor.py:651} INFO - DAG(s) dict_keys(['my_python_dag']) retrieved from /opt/airflow/dags/python_dag .py
[2022-08-05 06:01:39,134] {logging_mixin.py:115} INFO - [2022-08-05 06:01:39,134] {dag.py:2420} INFO - Sync 1 DAGs
[2022-08-05 06:01:39,157] {logging_mixin.py:115} INFO - [2022-08-05 06:01:39,156] {dag.py:2972} INFO - Setting next_dagrun for my_python_dag to 2022-08-05T00:00:00+00:00, run_after=2022-08-06T00:00:00+00:00
[2022-08-05 06:01:39,168] {processor.py:161} INFO - Processing /opt/airflow/dags/python_dag .py took 0.073 seconds
[2022-08-05 06:02:09,374] {processor.py:153} INFO - Started process (PID=1670) to work on /opt/airflow/dags/python_dag .py
[2022-08-05 06:02:09,375] {processor.py:641} INFO - Processing file /opt/airflow/dags/python_dag .py for tasks to queue
[2022-08-05 06:02:09,375] {logging_mixin.py:115} INFO - [2022-08-05 06:02:09,375] {dagbag.py:508} INFO - Filling up the DagBag from /opt/airflow/dags/python_dag .py
[2022-08-05 06:02:09,391] {processor.py:651} INFO - DAG(s) dict_keys(['my_python_dag']) retrieved from /opt/airflow/dags/python_dag .py
[2022-08-05 06:02:09,409] {logging_mixin.py:115} INFO - [2022-08-05 06:02:09,409] {dag.py:2420} INFO - Sync 1 DAGs
[2022-08-05 06:02:09,429] {logging_mixin.py:115} INFO - [2022-08-05 06:02:09,429] {dag.py:2972} INFO - Setting next_dagrun for my_python_dag to 2022-08-05T00:00:00+00:00, run_after=2022-08-06T00:00:00+00:00
[2022-08-05 06:02:09,443] {processor.py:161} INFO - Processing /opt/airflow/dags/python_dag .py took 0.071 seconds
[2022-08-05 06:02:39,662] {processor.py:153} INFO - Started process (PID=1699) to work on /opt/airflow/dags/python_dag .py
[2022-08-05 06:02:39,662] {processor.py:641} INFO - Processing file /opt/airflow/dags/python_dag .py for tasks to queue
[2022-08-05 06:02:39,663] {logging_mixin.py:115} INFO - [2022-08-05 06:02:39,663] {dagbag.py:508} INFO - Filling up the DagBag from /opt/airflow/dags/python_dag .py
[2022-08-05 06:02:39,678] {processor.py:651} INFO - DAG(s) dict_keys(['my_python_dag']) retrieved from /opt/airflow/dags/python_dag .py
[2022-08-05 06:02:39,696] {logging_mixin.py:115} INFO - [2022-08-05 06:02:39,696] {dag.py:2420} INFO - Sync 1 DAGs
[2022-08-05 06:02:39,718] {logging_mixin.py:115} INFO - [2022-08-05 06:02:39,718] {dag.py:2972} INFO - Setting next_dagrun for my_python_dag to 2022-08-05T00:00:00+00:00, run_after=2022-08-06T00:00:00+00:00
[2022-08-05 06:02:39,727] {processor.py:161} INFO - Processing /opt/airflow/dags/python_dag .py took 0.068 seconds
[2022-08-05 06:03:09,933] {processor.py:153} INFO - Started process (PID=1738) to work on /opt/airflow/dags/python_dag .py
[2022-08-05 06:03:09,934] {processor.py:641} INFO - Processing file /opt/airflow/dags/python_dag .py for tasks to queue
[2022-08-05 06:03:09,934] {logging_mixin.py:115} INFO - [2022-08-05 06:03:09,934] {dagbag.py:508} INFO - Filling up the DagBag from /opt/airflow/dags/python_dag .py
[2022-08-05 06:03:09,955] {processor.py:651} INFO - DAG(s) dict_keys(['my_python_dag']) retrieved from /opt/airflow/dags/python_dag .py
[2022-08-05 06:03:09,978] {logging_mixin.py:115} INFO - [2022-08-05 06:03:09,978] {dag.py:2420} INFO - Sync 1 DAGs
[2022-08-05 06:03:10,001] {logging_mixin.py:115} INFO - [2022-08-05 06:03:10,001] {dag.py:2972} INFO - Setting next_dagrun for my_python_dag to 2022-08-05T00:00:00+00:00, run_after=2022-08-06T00:00:00+00:00
[2022-08-05 06:03:10,011] {processor.py:161} INFO - Processing /opt/airflow/dags/python_dag .py took 0.081 seconds
[2022-08-05 06:03:40,106] {processor.py:153} INFO - Started process (PID=1776) to work on /opt/airflow/dags/python_dag .py
[2022-08-05 06:03:40,107] {processor.py:641} INFO - Processing file /opt/airflow/dags/python_dag .py for tasks to queue
[2022-08-05 06:03:40,107] {logging_mixin.py:115} INFO - [2022-08-05 06:03:40,107] {dagbag.py:508} INFO - Filling up the DagBag from /opt/airflow/dags/python_dag .py
[2022-08-05 06:03:40,123] {processor.py:651} INFO - DAG(s) dict_keys(['my_python_dag']) retrieved from /opt/airflow/dags/python_dag .py
[2022-08-05 06:03:40,142] {logging_mixin.py:115} INFO - [2022-08-05 06:03:40,142] {dag.py:2420} INFO - Sync 1 DAGs
[2022-08-05 06:03:40,164] {logging_mixin.py:115} INFO - [2022-08-05 06:03:40,164] {dag.py:2972} INFO - Setting next_dagrun for my_python_dag to 2022-08-05T00:00:00+00:00, run_after=2022-08-06T00:00:00+00:00
[2022-08-05 06:03:40,176] {processor.py:161} INFO - Processing /opt/airflow/dags/python_dag .py took 0.072 seconds
[2022-08-05 06:04:10,387] {processor.py:153} INFO - Started process (PID=1804) to work on /opt/airflow/dags/python_dag .py
[2022-08-05 06:04:10,388] {processor.py:641} INFO - Processing file /opt/airflow/dags/python_dag .py for tasks to queue
[2022-08-05 06:04:10,388] {logging_mixin.py:115} INFO - [2022-08-05 06:04:10,388] {dagbag.py:508} INFO - Filling up the DagBag from /opt/airflow/dags/python_dag .py
[2022-08-05 06:04:10,405] {processor.py:651} INFO - DAG(s) dict_keys(['my_python_dag']) retrieved from /opt/airflow/dags/python_dag .py
[2022-08-05 06:04:10,428] {logging_mixin.py:115} INFO - [2022-08-05 06:04:10,428] {dag.py:2420} INFO - Sync 1 DAGs
[2022-08-05 06:04:10,452] {logging_mixin.py:115} INFO - [2022-08-05 06:04:10,452] {dag.py:2972} INFO - Setting next_dagrun for my_python_dag to 2022-08-05T00:00:00+00:00, run_after=2022-08-06T00:00:00+00:00
[2022-08-05 06:04:10,464] {processor.py:161} INFO - Processing /opt/airflow/dags/python_dag .py took 0.080 seconds
[2022-08-05 09:59:35,937] {processor.py:153} INFO - Started process (PID=244) to work on /opt/airflow/dags/python_dag .py
[2022-08-05 09:59:35,939] {processor.py:641} INFO - Processing file /opt/airflow/dags/python_dag .py for tasks to queue
[2022-08-05 09:59:35,940] {logging_mixin.py:115} INFO - [2022-08-05 09:59:35,940] {dagbag.py:508} INFO - Filling up the DagBag from /opt/airflow/dags/python_dag .py
[2022-08-05 09:59:35,994] {processor.py:651} INFO - DAG(s) dict_keys(['my_python_dag']) retrieved from /opt/airflow/dags/python_dag .py
[2022-08-05 09:59:36,164] {logging_mixin.py:115} INFO - [2022-08-05 09:59:36,164] {manager.py:508} INFO - Created Permission View: can edit on DAG:my_python_dag
[2022-08-05 09:59:36,177] {logging_mixin.py:115} INFO - [2022-08-05 09:59:36,177] {manager.py:511} ERROR - Creation of Permission View Error: (psycopg2.errors.UniqueViolation) duplicate key value violates unique constraint "ab_permission_view_permission_id_view_menu_id_key"
DETAIL:  Key (permission_id, view_menu_id)=(3, 49) already exists.

[SQL: INSERT INTO ab_permission_view (id, permission_id, view_menu_id) VALUES (nextval('ab_permission_view_id_seq'), %(permission_id)s, %(view_menu_id)s) RETURNING ab_permission_view.id]
[parameters: {'permission_id': 3, 'view_menu_id': 49}]
(Background on this error at: http://sqlalche.me/e/14/gkpj)
[2022-08-05 09:59:36,185] {logging_mixin.py:115} INFO - [2022-08-05 09:59:36,185] {manager.py:508} INFO - Created Permission View: can read on DAG:my_python_dag
[2022-08-05 09:59:36,186] {logging_mixin.py:115} INFO - [2022-08-05 09:59:36,186] {dag.py:2420} INFO - Sync 1 DAGs
[2022-08-05 09:59:36,197] {logging_mixin.py:115} INFO - [2022-08-05 09:59:36,196] {dag.py:2439} INFO - Creating ORM DAG for my_python_dag
[2022-08-05 09:59:36,209] {logging_mixin.py:115} INFO - [2022-08-05 09:59:36,209] {dag.py:2972} INFO - Setting next_dagrun for my_python_dag to 2022-08-04T00:00:00+00:00, run_after=2022-08-05T00:00:00+00:00
[2022-08-05 09:59:36,229] {processor.py:161} INFO - Processing /opt/airflow/dags/python_dag .py took 0.303 seconds
[2022-08-05 10:00:06,507] {processor.py:153} INFO - Started process (PID=289) to work on /opt/airflow/dags/python_dag .py
[2022-08-05 10:00:06,507] {processor.py:641} INFO - Processing file /opt/airflow/dags/python_dag .py for tasks to queue
[2022-08-05 10:00:06,508] {logging_mixin.py:115} INFO - [2022-08-05 10:00:06,508] {dagbag.py:508} INFO - Filling up the DagBag from /opt/airflow/dags/python_dag .py
[2022-08-05 10:00:06,530] {processor.py:651} INFO - DAG(s) dict_keys(['my_python_dag']) retrieved from /opt/airflow/dags/python_dag .py
[2022-08-05 10:00:06,550] {logging_mixin.py:115} INFO - [2022-08-05 10:00:06,550] {dag.py:2420} INFO - Sync 1 DAGs
[2022-08-05 10:00:06,574] {logging_mixin.py:115} INFO - [2022-08-05 10:00:06,574] {dag.py:2972} INFO - Setting next_dagrun for my_python_dag to 2022-08-04T00:00:00+00:00, run_after=2022-08-05T00:00:00+00:00
[2022-08-05 10:00:06,595] {processor.py:161} INFO - Processing /opt/airflow/dags/python_dag .py took 0.091 seconds
[2022-08-05 10:00:36,949] {processor.py:153} INFO - Started process (PID=341) to work on /opt/airflow/dags/python_dag .py
[2022-08-05 10:00:36,949] {processor.py:641} INFO - Processing file /opt/airflow/dags/python_dag .py for tasks to queue
[2022-08-05 10:00:36,950] {logging_mixin.py:115} INFO - [2022-08-05 10:00:36,950] {dagbag.py:508} INFO - Filling up the DagBag from /opt/airflow/dags/python_dag .py
[2022-08-05 10:00:36,969] {processor.py:651} INFO - DAG(s) dict_keys(['my_python_dag']) retrieved from /opt/airflow/dags/python_dag .py
[2022-08-05 10:00:37,041] {logging_mixin.py:115} INFO - [2022-08-05 10:00:37,041] {dag.py:2420} INFO - Sync 1 DAGs
[2022-08-05 10:00:37,059] {logging_mixin.py:115} INFO - [2022-08-05 10:00:37,058] {dag.py:2972} INFO - Setting next_dagrun for my_python_dag to 2022-08-04T00:00:00+00:00, run_after=2022-08-05T00:00:00+00:00
[2022-08-05 10:00:37,073] {processor.py:161} INFO - Processing /opt/airflow/dags/python_dag .py took 0.126 seconds
[2022-08-05 10:01:07,356] {processor.py:153} INFO - Started process (PID=381) to work on /opt/airflow/dags/python_dag .py
[2022-08-05 10:01:07,357] {processor.py:641} INFO - Processing file /opt/airflow/dags/python_dag .py for tasks to queue
[2022-08-05 10:01:07,357] {logging_mixin.py:115} INFO - [2022-08-05 10:01:07,357] {dagbag.py:508} INFO - Filling up the DagBag from /opt/airflow/dags/python_dag .py
[2022-08-05 10:01:07,376] {processor.py:651} INFO - DAG(s) dict_keys(['my_python_dag']) retrieved from /opt/airflow/dags/python_dag .py
[2022-08-05 10:01:07,398] {logging_mixin.py:115} INFO - [2022-08-05 10:01:07,398] {dag.py:2420} INFO - Sync 1 DAGs
[2022-08-05 10:01:07,419] {logging_mixin.py:115} INFO - [2022-08-05 10:01:07,419] {dag.py:2972} INFO - Setting next_dagrun for my_python_dag to 2022-08-04T00:00:00+00:00, run_after=2022-08-05T00:00:00+00:00
[2022-08-05 10:01:07,441] {processor.py:161} INFO - Processing /opt/airflow/dags/python_dag .py took 0.088 seconds
[2022-08-05 10:01:37,677] {processor.py:153} INFO - Started process (PID=424) to work on /opt/airflow/dags/python_dag .py
[2022-08-05 10:01:37,678] {processor.py:641} INFO - Processing file /opt/airflow/dags/python_dag .py for tasks to queue
[2022-08-05 10:01:37,678] {logging_mixin.py:115} INFO - [2022-08-05 10:01:37,678] {dagbag.py:508} INFO - Filling up the DagBag from /opt/airflow/dags/python_dag .py
[2022-08-05 10:01:37,697] {processor.py:651} INFO - DAG(s) dict_keys(['my_python_dag']) retrieved from /opt/airflow/dags/python_dag .py
[2022-08-05 10:01:37,708] {logging_mixin.py:115} INFO - [2022-08-05 10:01:37,708] {dag.py:2420} INFO - Sync 1 DAGs
[2022-08-05 10:01:37,727] {logging_mixin.py:115} INFO - [2022-08-05 10:01:37,727] {dag.py:2972} INFO - Setting next_dagrun for my_python_dag to 2022-08-04T00:00:00+00:00, run_after=2022-08-05T00:00:00+00:00
[2022-08-05 10:01:37,748] {processor.py:161} INFO - Processing /opt/airflow/dags/python_dag .py took 0.073 seconds
[2022-08-05 10:02:08,000] {processor.py:153} INFO - Started process (PID=466) to work on /opt/airflow/dags/python_dag .py
[2022-08-05 10:02:08,000] {processor.py:641} INFO - Processing file /opt/airflow/dags/python_dag .py for tasks to queue
[2022-08-05 10:02:08,001] {logging_mixin.py:115} INFO - [2022-08-05 10:02:08,001] {dagbag.py:508} INFO - Filling up the DagBag from /opt/airflow/dags/python_dag .py
[2022-08-05 10:02:08,020] {processor.py:651} INFO - DAG(s) dict_keys(['my_python_dag']) retrieved from /opt/airflow/dags/python_dag .py
[2022-08-05 10:02:08,076] {logging_mixin.py:115} INFO - [2022-08-05 10:02:08,076] {dag.py:2420} INFO - Sync 1 DAGs
[2022-08-05 10:02:08,096] {logging_mixin.py:115} INFO - [2022-08-05 10:02:08,096] {dag.py:2972} INFO - Setting next_dagrun for my_python_dag to 2022-08-04T00:00:00+00:00, run_after=2022-08-05T00:00:00+00:00
[2022-08-05 10:02:08,108] {processor.py:161} INFO - Processing /opt/airflow/dags/python_dag .py took 0.111 seconds
[2022-08-05 10:02:38,308] {processor.py:153} INFO - Started process (PID=500) to work on /opt/airflow/dags/python_dag .py
[2022-08-05 10:02:38,309] {processor.py:641} INFO - Processing file /opt/airflow/dags/python_dag .py for tasks to queue
[2022-08-05 10:02:38,309] {logging_mixin.py:115} INFO - [2022-08-05 10:02:38,309] {dagbag.py:508} INFO - Filling up the DagBag from /opt/airflow/dags/python_dag .py
[2022-08-05 10:02:38,328] {processor.py:651} INFO - DAG(s) dict_keys(['my_python_dag']) retrieved from /opt/airflow/dags/python_dag .py
[2022-08-05 10:02:38,347] {logging_mixin.py:115} INFO - [2022-08-05 10:02:38,347] {dag.py:2420} INFO - Sync 1 DAGs
[2022-08-05 10:02:38,371] {logging_mixin.py:115} INFO - [2022-08-05 10:02:38,370] {dag.py:2972} INFO - Setting next_dagrun for my_python_dag to 2022-08-04T00:00:00+00:00, run_after=2022-08-05T00:00:00+00:00
[2022-08-05 10:02:38,381] {processor.py:161} INFO - Processing /opt/airflow/dags/python_dag .py took 0.076 seconds
[2022-08-05 10:03:08,607] {processor.py:153} INFO - Started process (PID=548) to work on /opt/airflow/dags/python_dag .py
[2022-08-05 10:03:08,607] {processor.py:641} INFO - Processing file /opt/airflow/dags/python_dag .py for tasks to queue
[2022-08-05 10:03:08,608] {logging_mixin.py:115} INFO - [2022-08-05 10:03:08,608] {dagbag.py:508} INFO - Filling up the DagBag from /opt/airflow/dags/python_dag .py
[2022-08-05 10:03:08,627] {processor.py:651} INFO - DAG(s) dict_keys(['my_python_dag']) retrieved from /opt/airflow/dags/python_dag .py
[2022-08-05 10:03:08,638] {logging_mixin.py:115} INFO - [2022-08-05 10:03:08,638] {dag.py:2420} INFO - Sync 1 DAGs
[2022-08-05 10:03:08,660] {logging_mixin.py:115} INFO - [2022-08-05 10:03:08,660] {dag.py:2972} INFO - Setting next_dagrun for my_python_dag to 2022-08-04T00:00:00+00:00, run_after=2022-08-05T00:00:00+00:00
[2022-08-05 10:03:08,672] {processor.py:161} INFO - Processing /opt/airflow/dags/python_dag .py took 0.068 seconds
[2022-08-05 10:03:38,893] {processor.py:153} INFO - Started process (PID=591) to work on /opt/airflow/dags/python_dag .py
[2022-08-05 10:03:38,894] {processor.py:641} INFO - Processing file /opt/airflow/dags/python_dag .py for tasks to queue
[2022-08-05 10:03:38,895] {logging_mixin.py:115} INFO - [2022-08-05 10:03:38,895] {dagbag.py:508} INFO - Filling up the DagBag from /opt/airflow/dags/python_dag .py
[2022-08-05 10:03:38,916] {processor.py:651} INFO - DAG(s) dict_keys(['my_python_dag']) retrieved from /opt/airflow/dags/python_dag .py
[2022-08-05 10:03:38,974] {logging_mixin.py:115} INFO - [2022-08-05 10:03:38,973] {dag.py:2420} INFO - Sync 1 DAGs
[2022-08-05 10:03:38,994] {logging_mixin.py:115} INFO - [2022-08-05 10:03:38,994] {dag.py:2972} INFO - Setting next_dagrun for my_python_dag to 2022-08-04T00:00:00+00:00, run_after=2022-08-05T00:00:00+00:00
[2022-08-05 10:03:39,006] {processor.py:161} INFO - Processing /opt/airflow/dags/python_dag .py took 0.116 seconds
[2022-08-05 10:04:09,231] {processor.py:153} INFO - Started process (PID=624) to work on /opt/airflow/dags/python_dag .py
[2022-08-05 10:04:09,232] {processor.py:641} INFO - Processing file /opt/airflow/dags/python_dag .py for tasks to queue
[2022-08-05 10:04:09,233] {logging_mixin.py:115} INFO - [2022-08-05 10:04:09,233] {dagbag.py:508} INFO - Filling up the DagBag from /opt/airflow/dags/python_dag .py
[2022-08-05 10:04:09,259] {processor.py:651} INFO - DAG(s) dict_keys(['my_python_dag']) retrieved from /opt/airflow/dags/python_dag .py
[2022-08-05 10:04:09,284] {logging_mixin.py:115} INFO - [2022-08-05 10:04:09,284] {dag.py:2420} INFO - Sync 1 DAGs
[2022-08-05 10:04:09,310] {logging_mixin.py:115} INFO - [2022-08-05 10:04:09,310] {dag.py:2972} INFO - Setting next_dagrun for my_python_dag to 2022-08-04T00:00:00+00:00, run_after=2022-08-05T00:00:00+00:00
[2022-08-05 10:04:09,323] {processor.py:161} INFO - Processing /opt/airflow/dags/python_dag .py took 0.095 seconds
[2022-08-05 10:04:39,533] {processor.py:153} INFO - Started process (PID=668) to work on /opt/airflow/dags/python_dag .py
[2022-08-05 10:04:39,534] {processor.py:641} INFO - Processing file /opt/airflow/dags/python_dag .py for tasks to queue
[2022-08-05 10:04:39,534] {logging_mixin.py:115} INFO - [2022-08-05 10:04:39,534] {dagbag.py:508} INFO - Filling up the DagBag from /opt/airflow/dags/python_dag .py
[2022-08-05 10:04:39,555] {processor.py:651} INFO - DAG(s) dict_keys(['my_python_dag']) retrieved from /opt/airflow/dags/python_dag .py
[2022-08-05 10:04:39,567] {logging_mixin.py:115} INFO - [2022-08-05 10:04:39,567] {dag.py:2420} INFO - Sync 1 DAGs
[2022-08-05 10:04:39,588] {logging_mixin.py:115} INFO - [2022-08-05 10:04:39,588] {dag.py:2972} INFO - Setting next_dagrun for my_python_dag to 2022-08-04T00:00:00+00:00, run_after=2022-08-05T00:00:00+00:00
[2022-08-05 10:04:39,603] {processor.py:161} INFO - Processing /opt/airflow/dags/python_dag .py took 0.074 seconds
[2022-08-05 10:05:09,867] {processor.py:153} INFO - Started process (PID=711) to work on /opt/airflow/dags/python_dag .py
[2022-08-05 10:05:09,868] {processor.py:641} INFO - Processing file /opt/airflow/dags/python_dag .py for tasks to queue
[2022-08-05 10:05:09,869] {logging_mixin.py:115} INFO - [2022-08-05 10:05:09,869] {dagbag.py:508} INFO - Filling up the DagBag from /opt/airflow/dags/python_dag .py
[2022-08-05 10:05:09,887] {processor.py:651} INFO - DAG(s) dict_keys(['my_python_dag']) retrieved from /opt/airflow/dags/python_dag .py
[2022-08-05 10:05:09,943] {logging_mixin.py:115} INFO - [2022-08-05 10:05:09,943] {dag.py:2420} INFO - Sync 1 DAGs
[2022-08-05 10:05:09,960] {logging_mixin.py:115} INFO - [2022-08-05 10:05:09,960] {dag.py:2972} INFO - Setting next_dagrun for my_python_dag to 2022-08-04T00:00:00+00:00, run_after=2022-08-05T00:00:00+00:00
[2022-08-05 10:05:09,972] {processor.py:161} INFO - Processing /opt/airflow/dags/python_dag .py took 0.107 seconds
[2022-08-05 10:05:40,188] {processor.py:153} INFO - Started process (PID=752) to work on /opt/airflow/dags/python_dag .py
[2022-08-05 10:05:40,188] {processor.py:641} INFO - Processing file /opt/airflow/dags/python_dag .py for tasks to queue
[2022-08-05 10:05:40,189] {logging_mixin.py:115} INFO - [2022-08-05 10:05:40,189] {dagbag.py:508} INFO - Filling up the DagBag from /opt/airflow/dags/python_dag .py
[2022-08-05 10:05:40,209] {processor.py:651} INFO - DAG(s) dict_keys(['my_python_dag']) retrieved from /opt/airflow/dags/python_dag .py
[2022-08-05 10:05:40,232] {logging_mixin.py:115} INFO - [2022-08-05 10:05:40,232] {dag.py:2420} INFO - Sync 1 DAGs
[2022-08-05 10:05:40,256] {logging_mixin.py:115} INFO - [2022-08-05 10:05:40,256] {dag.py:2972} INFO - Setting next_dagrun for my_python_dag to 2022-08-05T00:00:00+00:00, run_after=2022-08-06T00:00:00+00:00
[2022-08-05 10:05:40,268] {processor.py:161} INFO - Processing /opt/airflow/dags/python_dag .py took 0.084 seconds
[2022-08-05 10:06:10,543] {processor.py:153} INFO - Started process (PID=795) to work on /opt/airflow/dags/python_dag .py
[2022-08-05 10:06:10,544] {processor.py:641} INFO - Processing file /opt/airflow/dags/python_dag .py for tasks to queue
[2022-08-05 10:06:10,544] {logging_mixin.py:115} INFO - [2022-08-05 10:06:10,544] {dagbag.py:508} INFO - Filling up the DagBag from /opt/airflow/dags/python_dag .py
[2022-08-05 10:06:10,564] {processor.py:651} INFO - DAG(s) dict_keys(['my_python_dag']) retrieved from /opt/airflow/dags/python_dag .py
[2022-08-05 10:06:10,582] {logging_mixin.py:115} INFO - [2022-08-05 10:06:10,582] {dag.py:2420} INFO - Sync 1 DAGs
[2022-08-05 10:06:10,606] {logging_mixin.py:115} INFO - [2022-08-05 10:06:10,606] {dag.py:2972} INFO - Setting next_dagrun for my_python_dag to 2022-08-05T00:00:00+00:00, run_after=2022-08-06T00:00:00+00:00
[2022-08-05 10:06:10,621] {processor.py:161} INFO - Processing /opt/airflow/dags/python_dag .py took 0.081 seconds
[2022-08-05 10:06:40,939] {processor.py:153} INFO - Started process (PID=844) to work on /opt/airflow/dags/python_dag .py
[2022-08-05 10:06:40,940] {processor.py:641} INFO - Processing file /opt/airflow/dags/python_dag .py for tasks to queue
[2022-08-05 10:06:40,940] {logging_mixin.py:115} INFO - [2022-08-05 10:06:40,940] {dagbag.py:508} INFO - Filling up the DagBag from /opt/airflow/dags/python_dag .py
[2022-08-05 10:06:40,961] {processor.py:651} INFO - DAG(s) dict_keys(['my_python_dag']) retrieved from /opt/airflow/dags/python_dag .py
[2022-08-05 10:06:41,030] {logging_mixin.py:115} INFO - [2022-08-05 10:06:41,030] {dag.py:2420} INFO - Sync 1 DAGs
[2022-08-05 10:06:41,050] {logging_mixin.py:115} INFO - [2022-08-05 10:06:41,050] {dag.py:2972} INFO - Setting next_dagrun for my_python_dag to 2022-08-05T00:00:00+00:00, run_after=2022-08-06T00:00:00+00:00
[2022-08-05 10:06:41,066] {processor.py:161} INFO - Processing /opt/airflow/dags/python_dag .py took 0.130 seconds
[2022-08-05 10:08:14,460] {processor.py:153} INFO - Started process (PID=221) to work on /opt/airflow/dags/python_dag .py
[2022-08-05 10:08:14,461] {processor.py:641} INFO - Processing file /opt/airflow/dags/python_dag .py for tasks to queue
[2022-08-05 10:08:14,461] {logging_mixin.py:115} INFO - [2022-08-05 10:08:14,461] {dagbag.py:508} INFO - Filling up the DagBag from /opt/airflow/dags/python_dag .py
[2022-08-05 10:08:14,482] {processor.py:651} INFO - DAG(s) dict_keys(['my_python_dag']) retrieved from /opt/airflow/dags/python_dag .py
[2022-08-05 10:08:14,497] {logging_mixin.py:115} INFO - [2022-08-05 10:08:14,496] {dag.py:2420} INFO - Sync 1 DAGs
[2022-08-05 10:08:14,519] {logging_mixin.py:115} INFO - [2022-08-05 10:08:14,519] {dag.py:2972} INFO - Setting next_dagrun for my_python_dag to 2022-08-05T00:00:00+00:00, run_after=2022-08-06T00:00:00+00:00
[2022-08-05 10:08:14,529] {processor.py:161} INFO - Processing /opt/airflow/dags/python_dag .py took 0.072 seconds
[2022-08-05 10:08:44,777] {processor.py:153} INFO - Started process (PID=265) to work on /opt/airflow/dags/python_dag .py
[2022-08-05 10:08:44,777] {processor.py:641} INFO - Processing file /opt/airflow/dags/python_dag .py for tasks to queue
[2022-08-05 10:08:44,778] {logging_mixin.py:115} INFO - [2022-08-05 10:08:44,778] {dagbag.py:508} INFO - Filling up the DagBag from /opt/airflow/dags/python_dag .py
[2022-08-05 10:08:44,793] {processor.py:651} INFO - DAG(s) dict_keys(['my_python_dag']) retrieved from /opt/airflow/dags/python_dag .py
[2022-08-05 10:08:44,846] {logging_mixin.py:115} INFO - [2022-08-05 10:08:44,846] {dag.py:2420} INFO - Sync 1 DAGs
[2022-08-05 10:08:44,863] {logging_mixin.py:115} INFO - [2022-08-05 10:08:44,863] {dag.py:2972} INFO - Setting next_dagrun for my_python_dag to 2022-08-05T00:00:00+00:00, run_after=2022-08-06T00:00:00+00:00
[2022-08-05 10:08:44,874] {processor.py:161} INFO - Processing /opt/airflow/dags/python_dag .py took 0.100 seconds
[2022-08-05 10:09:15,070] {processor.py:153} INFO - Started process (PID=307) to work on /opt/airflow/dags/python_dag .py
[2022-08-05 10:09:15,071] {processor.py:641} INFO - Processing file /opt/airflow/dags/python_dag .py for tasks to queue
[2022-08-05 10:09:15,071] {logging_mixin.py:115} INFO - [2022-08-05 10:09:15,071] {dagbag.py:508} INFO - Filling up the DagBag from /opt/airflow/dags/python_dag .py
[2022-08-05 10:09:15,089] {processor.py:651} INFO - DAG(s) dict_keys(['my_python_dag']) retrieved from /opt/airflow/dags/python_dag .py
[2022-08-05 10:09:15,099] {logging_mixin.py:115} INFO - [2022-08-05 10:09:15,099] {dag.py:2420} INFO - Sync 1 DAGs
[2022-08-05 10:09:15,118] {logging_mixin.py:115} INFO - [2022-08-05 10:09:15,118] {dag.py:2972} INFO - Setting next_dagrun for my_python_dag to 2022-08-05T00:00:00+00:00, run_after=2022-08-06T00:00:00+00:00
[2022-08-05 10:09:15,129] {processor.py:161} INFO - Processing /opt/airflow/dags/python_dag .py took 0.062 seconds
[2022-08-05 10:09:45,494] {processor.py:153} INFO - Started process (PID=353) to work on /opt/airflow/dags/python_dag .py
[2022-08-05 10:09:45,495] {processor.py:641} INFO - Processing file /opt/airflow/dags/python_dag .py for tasks to queue
[2022-08-05 10:09:45,495] {logging_mixin.py:115} INFO - [2022-08-05 10:09:45,495] {dagbag.py:508} INFO - Filling up the DagBag from /opt/airflow/dags/python_dag .py
[2022-08-05 10:09:45,511] {processor.py:651} INFO - DAG(s) dict_keys(['my_python_dag']) retrieved from /opt/airflow/dags/python_dag .py
[2022-08-05 10:09:45,568] {logging_mixin.py:115} INFO - [2022-08-05 10:09:45,568] {dag.py:2420} INFO - Sync 1 DAGs
[2022-08-05 10:09:45,585] {logging_mixin.py:115} INFO - [2022-08-05 10:09:45,585] {dag.py:2972} INFO - Setting next_dagrun for my_python_dag to 2022-08-05T00:00:00+00:00, run_after=2022-08-06T00:00:00+00:00
[2022-08-05 10:09:45,597] {processor.py:161} INFO - Processing /opt/airflow/dags/python_dag .py took 0.105 seconds
[2022-08-05 10:10:15,836] {processor.py:153} INFO - Started process (PID=385) to work on /opt/airflow/dags/python_dag .py
[2022-08-05 10:10:15,837] {processor.py:641} INFO - Processing file /opt/airflow/dags/python_dag .py for tasks to queue
[2022-08-05 10:10:15,837] {logging_mixin.py:115} INFO - [2022-08-05 10:10:15,837] {dagbag.py:508} INFO - Filling up the DagBag from /opt/airflow/dags/python_dag .py
[2022-08-05 10:10:15,856] {processor.py:651} INFO - DAG(s) dict_keys(['my_python_dag']) retrieved from /opt/airflow/dags/python_dag .py
[2022-08-05 10:10:15,867] {logging_mixin.py:115} INFO - [2022-08-05 10:10:15,867] {dag.py:2420} INFO - Sync 1 DAGs
[2022-08-05 10:10:15,885] {logging_mixin.py:115} INFO - [2022-08-05 10:10:15,885] {dag.py:2972} INFO - Setting next_dagrun for my_python_dag to 2022-08-05T00:00:00+00:00, run_after=2022-08-06T00:00:00+00:00
[2022-08-05 10:10:15,896] {processor.py:161} INFO - Processing /opt/airflow/dags/python_dag .py took 0.063 seconds
[2022-08-05 10:10:37,056] {processor.py:153} INFO - Started process (PID=411) to work on /opt/airflow/dags/python_dag .py
[2022-08-05 10:10:37,056] {processor.py:641} INFO - Processing file /opt/airflow/dags/python_dag .py for tasks to queue
[2022-08-05 10:10:37,057] {logging_mixin.py:115} INFO - [2022-08-05 10:10:37,056] {dagbag.py:508} INFO - Filling up the DagBag from /opt/airflow/dags/python_dag .py
[2022-08-05 10:10:37,080] {processor.py:651} INFO - DAG(s) dict_keys(['my_python_dag']) retrieved from /opt/airflow/dags/python_dag .py
[2022-08-05 10:10:37,091] {logging_mixin.py:115} INFO - [2022-08-05 10:10:37,091] {dag.py:2420} INFO - Sync 1 DAGs
[2022-08-05 10:10:37,109] {logging_mixin.py:115} INFO - [2022-08-05 10:10:37,109] {dag.py:2972} INFO - Setting next_dagrun for my_python_dag to 2022-08-05T00:00:00+00:00, run_after=2022-08-06T00:00:00+00:00
[2022-08-05 10:10:37,124] {processor.py:161} INFO - Processing /opt/airflow/dags/python_dag .py took 0.071 seconds
[2022-08-05 10:10:44,133] {processor.py:153} INFO - Started process (PID=426) to work on /opt/airflow/dags/python_dag .py
[2022-08-05 10:10:44,133] {processor.py:641} INFO - Processing file /opt/airflow/dags/python_dag .py for tasks to queue
[2022-08-05 10:10:44,134] {logging_mixin.py:115} INFO - [2022-08-05 10:10:44,134] {dagbag.py:508} INFO - Filling up the DagBag from /opt/airflow/dags/python_dag .py
[2022-08-05 10:10:44,159] {processor.py:651} INFO - DAG(s) dict_keys(['my_python_dag']) retrieved from /opt/airflow/dags/python_dag .py
[2022-08-05 10:10:44,170] {logging_mixin.py:115} INFO - [2022-08-05 10:10:44,170] {dag.py:2420} INFO - Sync 1 DAGs
[2022-08-05 10:10:44,190] {logging_mixin.py:115} INFO - [2022-08-05 10:10:44,190] {dag.py:2972} INFO - Setting next_dagrun for my_python_dag to 2022-08-05T00:00:00+00:00, run_after=2022-08-06T00:00:00+00:00
[2022-08-05 10:10:44,206] {processor.py:161} INFO - Processing /opt/airflow/dags/python_dag .py took 0.076 seconds
[2022-08-05 10:11:14,444] {processor.py:153} INFO - Started process (PID=464) to work on /opt/airflow/dags/python_dag .py
[2022-08-05 10:11:14,445] {processor.py:641} INFO - Processing file /opt/airflow/dags/python_dag .py for tasks to queue
[2022-08-05 10:11:14,446] {logging_mixin.py:115} INFO - [2022-08-05 10:11:14,446] {dagbag.py:508} INFO - Filling up the DagBag from /opt/airflow/dags/python_dag .py
[2022-08-05 10:11:14,461] {processor.py:651} INFO - DAG(s) dict_keys(['my_python_dag']) retrieved from /opt/airflow/dags/python_dag .py
[2022-08-05 10:11:14,570] {logging_mixin.py:115} INFO - [2022-08-05 10:11:14,570] {dag.py:2420} INFO - Sync 1 DAGs
[2022-08-05 10:11:14,587] {logging_mixin.py:115} INFO - [2022-08-05 10:11:14,587] {dag.py:2972} INFO - Setting next_dagrun for my_python_dag to 2022-08-05T00:00:00+00:00, run_after=2022-08-06T00:00:00+00:00
[2022-08-05 10:11:14,608] {processor.py:161} INFO - Processing /opt/airflow/dags/python_dag .py took 0.167 seconds
[2022-08-05 10:11:41,718] {processor.py:153} INFO - Started process (PID=508) to work on /opt/airflow/dags/python_dag .py
[2022-08-05 10:11:41,719] {processor.py:641} INFO - Processing file /opt/airflow/dags/python_dag .py for tasks to queue
[2022-08-05 10:11:41,719] {logging_mixin.py:115} INFO - [2022-08-05 10:11:41,719] {dagbag.py:508} INFO - Filling up the DagBag from /opt/airflow/dags/python_dag .py
[2022-08-05 10:11:41,730] {logging_mixin.py:115} INFO - [2022-08-05 10:11:41,729] {dagbag.py:321} ERROR - Failed to import: /opt/airflow/dags/python_dag .py
Traceback (most recent call last):
  File "/home/airflow/.local/lib/python3.7/site-packages/airflow/models/dagbag.py", line 318, in parse
    loader.exec_module(new_module)
  File "<frozen importlib._bootstrap_external>", line 724, in exec_module
  File "<frozen importlib._bootstrap_external>", line 860, in get_code
  File "<frozen importlib._bootstrap_external>", line 791, in source_to_code
  File "<frozen importlib._bootstrap>", line 219, in _call_with_frames_removed
  File "/opt/airflow/dags/python_dag .py", line 12
    return "Hello World " tmpl_search_path
                                         ^
SyntaxError: invalid syntax
[2022-08-05 10:11:41,730] {processor.py:653} WARNING - No viable dags retrieved from /opt/airflow/dags/python_dag .py
[2022-08-05 10:11:41,745] {processor.py:161} INFO - Processing /opt/airflow/dags/python_dag .py took 0.030 seconds
[2022-08-05 10:11:47,872] {processor.py:153} INFO - Started process (PID=523) to work on /opt/airflow/dags/python_dag .py
[2022-08-05 10:11:47,873] {processor.py:641} INFO - Processing file /opt/airflow/dags/python_dag .py for tasks to queue
[2022-08-05 10:11:47,873] {logging_mixin.py:115} INFO - [2022-08-05 10:11:47,873] {dagbag.py:508} INFO - Filling up the DagBag from /opt/airflow/dags/python_dag .py
[2022-08-05 10:11:47,896] {processor.py:651} INFO - DAG(s) dict_keys(['my_python_dag']) retrieved from /opt/airflow/dags/python_dag .py
[2022-08-05 10:11:47,909] {logging_mixin.py:115} INFO - [2022-08-05 10:11:47,909] {dag.py:2420} INFO - Sync 1 DAGs
[2022-08-05 10:11:47,932] {logging_mixin.py:115} INFO - [2022-08-05 10:11:47,932] {dag.py:2972} INFO - Setting next_dagrun for my_python_dag to 2022-08-05T00:00:00+00:00, run_after=2022-08-06T00:00:00+00:00
[2022-08-05 10:11:47,959] {processor.py:161} INFO - Processing /opt/airflow/dags/python_dag .py took 0.089 seconds
[2022-08-05 10:12:18,121] {processor.py:153} INFO - Started process (PID=571) to work on /opt/airflow/dags/python_dag .py
[2022-08-05 10:12:18,122] {processor.py:641} INFO - Processing file /opt/airflow/dags/python_dag .py for tasks to queue
[2022-08-05 10:12:18,122] {logging_mixin.py:115} INFO - [2022-08-05 10:12:18,122] {dagbag.py:508} INFO - Filling up the DagBag from /opt/airflow/dags/python_dag .py
[2022-08-05 10:12:18,153] {processor.py:651} INFO - DAG(s) dict_keys(['my_python_dag']) retrieved from /opt/airflow/dags/python_dag .py
[2022-08-05 10:12:18,209] {logging_mixin.py:115} INFO - [2022-08-05 10:12:18,209] {dag.py:2420} INFO - Sync 1 DAGs
[2022-08-05 10:12:18,227] {logging_mixin.py:115} INFO - [2022-08-05 10:12:18,226] {dag.py:2972} INFO - Setting next_dagrun for my_python_dag to 2022-08-05T00:00:00+00:00, run_after=2022-08-06T00:00:00+00:00
[2022-08-05 10:12:18,249] {processor.py:161} INFO - Processing /opt/airflow/dags/python_dag .py took 0.131 seconds
