[2022-08-05 05:41:40,335] {taskinstance.py:1179} INFO - Dependencies all met for <TaskInstance: my_first_dag.task_first scheduled__2022-08-04T00:00:00+00:00 [queued]>
[2022-08-05 05:41:40,346] {taskinstance.py:1179} INFO - Dependencies all met for <TaskInstance: my_first_dag.task_first scheduled__2022-08-04T00:00:00+00:00 [queued]>
[2022-08-05 05:41:40,347] {taskinstance.py:1376} INFO - 
--------------------------------------------------------------------------------
[2022-08-05 05:41:40,347] {taskinstance.py:1377} INFO - Starting attempt 1 of 3
[2022-08-05 05:41:40,348] {taskinstance.py:1378} INFO - 
--------------------------------------------------------------------------------
[2022-08-05 05:41:40,366] {taskinstance.py:1397} INFO - Executing <Task(BashOperator): task_first> on 2022-08-04 00:00:00+00:00
[2022-08-05 05:41:40,369] {standard_task_runner.py:52} INFO - Started process 216 to run task
[2022-08-05 05:41:40,372] {standard_task_runner.py:79} INFO - Running: ['***', 'tasks', 'run', 'my_first_dag', 'task_first', 'scheduled__2022-08-04T00:00:00+00:00', '--job-id', '37', '--raw', '--subdir', 'DAGS_FOLDER/my_first_dag.py', '--cfg-path', '/tmp/tmpg9qe1g1e', '--error-file', '/tmp/tmpu951uffj']
[2022-08-05 05:41:40,373] {standard_task_runner.py:80} INFO - Job 37: Subtask task_first
[2022-08-05 05:41:40,434] {task_command.py:371} INFO - Running <TaskInstance: my_first_dag.task_first scheduled__2022-08-04T00:00:00+00:00 [running]> on host 31de0ba96b93
[2022-08-05 05:41:40,511] {taskinstance.py:1591} INFO - Exporting the following env vars:
AIRFLOW_CTX_DAG_OWNER=***
AIRFLOW_CTX_DAG_ID=my_first_dag
AIRFLOW_CTX_TASK_ID=task_first
AIRFLOW_CTX_EXECUTION_DATE=2022-08-04T00:00:00+00:00
AIRFLOW_CTX_TRY_NUMBER=1
AIRFLOW_CTX_DAG_RUN_ID=scheduled__2022-08-04T00:00:00+00:00
[2022-08-05 05:41:40,512] {subprocess.py:62} INFO - Tmp dir root location: 
 /tmp
[2022-08-05 05:41:40,513] {subprocess.py:74} INFO - Running command: ['bash', '-c', 'echo Hello World']
[2022-08-05 05:41:40,519] {subprocess.py:85} INFO - Output:
[2022-08-05 05:41:40,521] {subprocess.py:92} INFO - Hello World
[2022-08-05 05:41:40,521] {subprocess.py:96} INFO - Command exited with return code 0
[2022-08-05 05:41:40,651] {taskinstance.py:1420} INFO - Marking task as SUCCESS. dag_id=my_first_dag, task_id=task_first, execution_date=20220804T000000, start_date=20220805T054140, end_date=20220805T054140
[2022-08-05 05:41:40,704] {local_task_job.py:156} INFO - Task exited with return code 0
[2022-08-05 05:41:40,737] {local_task_job.py:273} INFO - 2 downstream tasks scheduled from follow-on schedule check
