[2022-08-05 05:41:41,531] {taskinstance.py:1179} INFO - Dependencies all met for <TaskInstance: my_first_dag.task_five scheduled__2022-08-04T00:00:00+00:00 [queued]>
[2022-08-05 05:41:41,540] {taskinstance.py:1179} INFO - Dependencies all met for <TaskInstance: my_first_dag.task_five scheduled__2022-08-04T00:00:00+00:00 [queued]>
[2022-08-05 05:41:41,540] {taskinstance.py:1376} INFO - 
--------------------------------------------------------------------------------
[2022-08-05 05:41:41,541] {taskinstance.py:1377} INFO - Starting attempt 1 of 3
[2022-08-05 05:41:41,541] {taskinstance.py:1378} INFO - 
--------------------------------------------------------------------------------
[2022-08-05 05:41:41,553] {taskinstance.py:1397} INFO - Executing <Task(BashOperator): task_five> on 2022-08-04 00:00:00+00:00
[2022-08-05 05:41:41,556] {standard_task_runner.py:52} INFO - Started process 228 to run task
[2022-08-05 05:41:41,559] {standard_task_runner.py:79} INFO - Running: ['***', 'tasks', 'run', 'my_first_dag', 'task_five', 'scheduled__2022-08-04T00:00:00+00:00', '--job-id', '39', '--raw', '--subdir', 'DAGS_FOLDER/my_first_dag.py', '--cfg-path', '/tmp/tmp5osf6jk3', '--error-file', '/tmp/tmpcsf4ms3b']
[2022-08-05 05:41:41,560] {standard_task_runner.py:80} INFO - Job 39: Subtask task_five
[2022-08-05 05:41:41,623] {task_command.py:371} INFO - Running <TaskInstance: my_first_dag.task_five scheduled__2022-08-04T00:00:00+00:00 [running]> on host 31de0ba96b93
[2022-08-05 05:41:41,694] {taskinstance.py:1591} INFO - Exporting the following env vars:
AIRFLOW_CTX_DAG_OWNER=***
AIRFLOW_CTX_DAG_ID=my_first_dag
AIRFLOW_CTX_TASK_ID=task_five
AIRFLOW_CTX_EXECUTION_DATE=2022-08-04T00:00:00+00:00
AIRFLOW_CTX_TRY_NUMBER=1
AIRFLOW_CTX_DAG_RUN_ID=scheduled__2022-08-04T00:00:00+00:00
[2022-08-05 05:41:41,695] {subprocess.py:62} INFO - Tmp dir root location: 
 /tmp
[2022-08-05 05:41:41,695] {subprocess.py:74} INFO - Running command: ['bash', '-c', 'python /opt/***/landings/hello_landing.py']
[2022-08-05 05:41:41,703] {subprocess.py:85} INFO - Output:
[2022-08-05 05:42:03,918] {subprocess.py:92} INFO - Landing has started
[2022-08-05 05:42:03,918] {subprocess.py:92} INFO - Total records form source :  116149
[2022-08-05 05:42:03,918] {subprocess.py:92} INFO - Data pushed success
[2022-08-05 05:42:03,986] {subprocess.py:96} INFO - Command exited with return code 0
[2022-08-05 05:42:04,094] {taskinstance.py:1420} INFO - Marking task as SUCCESS. dag_id=my_first_dag, task_id=task_five, execution_date=20220804T000000, start_date=20220805T054141, end_date=20220805T054204
[2022-08-05 05:42:04,137] {local_task_job.py:156} INFO - Task exited with return code 0
[2022-08-05 05:42:04,158] {local_task_job.py:273} INFO - 0 downstream tasks scheduled from follow-on schedule check
